Chatbot/app/proguard-rules.pro
# ProGuard rules
-keep class com.pixelagent.app.** { *; }
-keepclassmembers class com.pixelagent.app.** { *; }