Chatbot/app/build/outputs/mapping/release/seeds.txt
com.pixelagent.app.MainActivity
com.pixelagent.app.ComposableSingletons$MainActivityKt
com.pixelagent.app.R$string
com.pixelagent.app.ComposableSingletons$MainActivityKt$lambda-3$1
com.pixelagent.app.R
com.pixelagent.app.ComposableSingletons$LegacyMainActivityKt$lambda-2$1
com.pixelagent.app.ComposableSingletons$LegacyMainActivityKt
com.pixelagent.app.ComposableSingletons$LegacyMainActivityKt$lambda-3$1
com.pixelagent.app.R$style
com.pixelagent.app.R$color
com.pixelagent.app.LegacyMainActivity
com.pixelagent.app.ComposableSingletons$MainActivityKt$lambda-2$1
com.pixelagent.app.ComposableSingletons$MainActivityKt$lambda-1$1
com.pixelagent.app.ComposableSingletons$LegacyMainActivityKt$lambda-1$1
com.pixelagent.app.ComposableSingletons$MainActivityKt: kotlin.jvm.functions.Function2 lambda-1
com.pixelagent.app.ComposableSingletons$LegacyMainActivityKt: com.pixelagent.app.ComposableSingletons$LegacyMainActivityKt INSTANCE
com.pixelagent.app.ComposableSingletons$MainActivityKt: com.pixelagent.app.ComposableSingletons$MainActivityKt INSTANCE
com.pixelagent.app.MainActivity: int $stable
com.pixelagent.app.LegacyMainActivity: int $stable
com.pixelagent.app.ComposableSingletons$LegacyMainActivityKt$lambda-2$1: com.pixelagent.app.ComposableSingletons$LegacyMainActivityKt$lambda-2$1 INSTANCE
com.pixelagent.app.R$color: int gold
com.pixelagent.app.ComposableSingletons$MainActivityKt$lambda-3$1: com.pixelagent.app.ComposableSingletons$MainActivityKt$lambda-3$1 INSTANCE
com.pixelagent.app.R$color: int black
com.pixelagent.app.ComposableSingletons$MainActivityKt: kotlin.jvm.functions.Function2 lambda-2
com.pixelagent.app.R$color: int gray
com.pixelagent.app.ComposableSingletons$MainActivityKt$lambda-2$1: com.pixelagent.app.ComposableSingletons$MainActivityKt$lambda-2$1 INSTANCE
com.pixelagent.app.ComposableSingletons$LegacyMainActivityKt: kotlin.jvm.functions.Function2 lambda-1
com.pixelagent.app.ComposableSingletons$MainActivityKt: kotlin.jvm.functions.Function2 lambda-3
com.pixelagent.app.R$string: int app_name
com.pixelagent.app.R$style: int Theme_PixelAgent
com.pixelagent.app.ComposableSingletons$LegacyMainActivityKt: kotlin.jvm.functions.Function2 lambda-2
com.pixelagent.app.ComposableSingletons$LegacyMainActivityKt$lambda-3$1: com.pixelagent.app.ComposableSingletons$LegacyMainActivityKt$lambda-3$1 INSTANCE
com.pixelagent.app.ComposableSingletons$LegacyMainActivityKt$lambda-1$1: com.pixelagent.app.ComposableSingletons$LegacyMainActivityKt$lambda-1$1 INSTANCE
com.pixelagent.app.ComposableSingletons$LegacyMainActivityKt: kotlin.jvm.functions.Function2 lambda-3
com.pixelagent.app.R$color: int dark_gold
com.pixelagent.app.ComposableSingletons$MainActivityKt$lambda-1$1: com.pixelagent.app.ComposableSingletons$MainActivityKt$lambda-1$1 INSTANCE
com.pixelagent.app.ComposableSingletons$MainActivityKt$lambda-2$1: java.lang.Object invoke(java.lang.Object,java.lang.Object)
com.pixelagent.app.ComposableSingletons$LegacyMainActivityKt$lambda-2$1: java.lang.Object invoke(java.lang.Object,java.lang.Object)
com.pixelagent.app.ComposableSingletons$LegacyMainActivityKt: kotlin.jvm.functions.Function2 getLambda-2$app_release()
com.pixelagent.app.LegacyMainActivity: void onCreate(android.os.Bundle)
com.pixelagent.app.R: R()
com.pixelagent.app.ComposableSingletons$MainActivityKt$lambda-2$1: ComposableSingletons$MainActivityKt$lambda-2$1()
com.pixelagent.app.ComposableSingletons$LegacyMainActivityKt: kotlin.jvm.functions.Function2 getLambda-3$app_release()
com.pixelagent.app.ComposableSingletons$MainActivityKt$lambda-2$1: void invoke(androidx.compose.runtime.Composer,int)
com.pixelagent.app.R$style: R$style()
com.pixelagent.app.ComposableSingletons$LegacyMainActivityKt$lambda-3$1: java.lang.Object invoke(java.lang.Object,java.lang.Object)
com.pixelagent.app.ComposableSingletons$LegacyMainActivityKt$lambda-3$1: void invoke(androidx.compose.runtime.Composer,int)
com.pixelagent.app.ComposableSingletons$MainActivityKt: ComposableSingletons$MainActivityKt()
...
androidx.compose.ui.platform.AndroidComposeView: void setOnViewTreeOwnersAvailable(kotlin.jvm.functions.Function1)
androidx.activity.ComponentActivity: void access$ensureViewModelStore(androidx.activity.ComponentActivity)
androidx.activity.ComponentActivity: androidx.activity.result.ActivityResultRegistry getActivityResultRegistry()
androidx.compose.ui.platform.AndroidComposeView: androidx.compose.ui.unit.Density getDensity()
androidx.core.graphics.drawable.IconCompat$Api26Impl: android.graphics.drawable.Drawable createAdaptiveIconDrawable(android.graphics.drawable.Drawable,android.graphics.drawable.Drawable)
androidx.activity.ComponentActivity: void setContentView(android.view.View,android.view.ViewGroup$LayoutParams)
androidx.compose.ui.platform.ViewLayer$UniqueDrawingIdApi29: long getUniqueDrawingId(android.view.View)
androidx.compose.ui.text.android.StaticLayoutFactory33: void setLineBreakConfig(android.text.StaticLayout$Builder,int,int)
androidx.compose.ui.platform.AndroidComposeView: androidx.compose.ui.platform.AndroidComposeView$ViewTreeOwners getViewTreeOwners()
androidx.compose.ui.platform.ViewLayer: androidx.compose.ui.graphics.Path getManualClipPath()
androidx.lifecycle.ReportFragment: ReportFragment()
androidx.compose.ui.platform.AbstractComposeView: boolean getShowLayoutBounds()
androidx.compose.ui.platform.AndroidComposeView: void setLastMatrixRecalculationAnimationTime$ui_release(long)
androidx.compose.ui.graphics.AndroidGraphicsContext$UniqueDrawingIdApi29: long getUniqueDrawingId(android.view.View)
androidx.core.view.accessibility.AccessibilityNodeInfoCompat$Api33Impl: androidx.core.view.accessibility.AccessibilityNodeInfoCompat$CollectionItemInfoCompat buildCollectionItemInfoCompat(boolean,int,int,int,int,boolean,java.lang.String,java.lang.String)
androidx.lifecycle.ReportFragment$LifecycleCallbacks: void onActivityPrePaused(android.app.Activity)
androidx.compose.ui.platform.AndroidComposeView: androidx.compose.ui.platform.ViewConfiguration getViewConfiguration()
androidx.compose.ui.text.android.CanvasCompatQ: void drawDoubleRoundRect(android.graphics.Canvas,android.graphics.RectF,float,float,android.graphics.RectF,float,float,android.graphics.Paint)
androidx.compose.ui.text.android.CanvasCompatM: void drawTextRun(android.graphics.Canvas,java.lang.CharSequence,int,int,int,int,float,float,boolean,android.graphics.Paint)
androidx.activity.ComponentActivity: void onBackPressed()
androidx.lifecycle.Lifecycle$Event: androidx.lifecycle.Lifecycle$Event valueOf(java.lang.String)
androidx.core.view.ViewCompat$Api28Impl: boolean isScreenReaderFocusable(android.view.View)
androidx.core.os.BundleCompat$Api33Impl: java.io.Serializable getSerializable(android.os.Bundle,java.lang.String,java.lang.Class)
androidx.emoji2.text.EmojiCompatInitializer: EmojiCompatInitializer()
androidx.compose.ui.platform.coreshims.ContentCaptureSessionCompat$Api29Impl: void notifyViewTextChanged(android.view.contentcapture.ContentCaptureSession,android.view.autofill.AutofillId,java.lang.CharSequence)
kotlin.random.Random: Random()
androidx.lifecycle.ReportFragment$LifecycleCallbacks: void onActivitySaveInstanceState(android.app.Activity,android.os.Bundle)
androidx.compose.ui.platform.AndroidComposeView: androidx.compose.ui.graphics.GraphicsContext getGraphicsContext()
androidx.compose.ui.platform.AndroidComposeView: androidx.compose.ui.text.input.TextInputService getTextInputService()
androidx.compose.ui.autofill.AutofillApi26Helper: java.lang.CharSequence textValue(android.view.autofill.AutofillValue)
kotlin.time.DurationUnit: kotlin.time.DurationUnit valueOf(java.lang.String)
androidx.compose.ui.platform.AndroidComposeView: androidx.compose.ui.text.font.FontFamily$Resolver getFontFamilyResolver()
androidx.compose.ui.focus.CustomDestinationResult: androidx.compose.ui.focus.CustomDestinationResult valueOf(java.lang.String)
androidx.compose.ui.autofill.AutofillApi23Helper: android.view.ViewStructure newChild(android.view.ViewStructure,int)