Chatbot/app/build/outputs/mapping/release/mapping.txt
# compiler: R8
# compiler_version: 8.6.17
# min_api: 24
# common_typos_disable
# {"id":"com.android.tools.r8.mapping","version":"2.2"}
# pg_map_id: c9cd4bd
# pg_map_hash: SHA-256 c9cd4bd52a83ab5e59974ff058fa865304f7a9f81b103e53c43fee6a5da43ebb
com.pixelagent.app.ComposableSingletons$LegacyMainActivityKt -> com.pixelagent.app.ComposableSingletons$LegacyMainActivityKt:
# {"id":"sourceFile","fileName":"LegacyMainActivity.kt"}
    kotlin.jvm.functions.Function2 lambda-1 -> lambda-1
      # {"id":"com.android.tools.r8.residualsignature","signature":"Le1/e;"}
    kotlin.jvm.functions.Function2 lambda-2 -> lambda-2
      # {"id":"com.android.tools.r8.residualsignature","signature":"Le1/e;"}
    kotlin.jvm.functions.Function2 lambda-3 -> lambda-3
      # {"id":"com.android.tools.r8.residualsignature","signature":"Le1/e;"}
    8:9:void <clinit>():24:24 -> <clinit>
    10:18:androidx.compose.runtime.internal.ComposableLambda androidx.compose.runtime.internal.ComposableLambdaKt.composableLambdaInstance(int,boolean,java.lang.Object):620:620 -> <clinit>
    10:18:void <clinit>():24 -> <clinit>
    19:20:void <clinit>():24:24 -> <clinit>
    21:22:void <clinit>():23:23 -> <clinit>
    23:30:androidx.compose.runtime.internal.ComposableLambda androidx.compose.runtime.internal.ComposableLambdaKt.composableLambdaInstance(int,boolean,java.lang.Object):620:620 -> <clinit>
    23:30:void <clinit>():23 -> <clinit>
    31:32:void <clinit>():23:23 -> <clinit>
    33:34:void <clinit>():22:22 -> <clinit>
    35:42:androidx.compose.runtime.internal.ComposableLambda androidx.compose.runtime.internal.ComposableLambdaKt.composableLambdaInstance(int,boolean,java.lang.Object):620:620 -> <clinit>
    35:42:void <clinit>():22 -> <clinit>
com.pixelagent.app.ComposableSingletons$LegacyMainActivityKt$lambda-1$1 -> com.pixelagent.app.ComposableSingletons$LegacyMainActivityKt$lambda-1$1:
# {"id":"sourceFile","fileName":"LegacyMainActivity.kt"}
    1:1:java.lang.Object invoke(java.lang.Object,java.lang.Object):24:24 -> invoke
    2:2:void invoke(androidx.compose.runtime.Composer,int):25:25 -> invoke
      # {"id":"com.android.tools.r8.residualsignature","signature":"(Lw/l;I)V"}
    3:3:void invoke(androidx.compose.runtime.Composer,int):34:34 -> invoke
    4:4:void invoke(androidx.compose.runtime.Composer,int):28:28 -> invoke
    5:5:androidx.compose.foundation.layout.Arrangement$HorizontalOrVertical androidx.compose.foundation.layout.Arrangement.getCenter():190:190 -> invoke
    5:5:void invoke(androidx.compose.runtime.Composer,int):29 -> invoke
    6:6:void androidx.compose.foundation.layout.ColumnKt.Column(androidx.compose.ui.Modifier,androidx.compose.foundation.layout.Arrangement$Vertical,androidx.compose.ui.Alignment$Horizontal,kotlin.jvm.functions.Function3,androidx.compose.runtime.Composer,int,int):86:86 -> invoke
    6:6:void invoke(androidx.compose.runtime.Composer,int):25 -> invoke
    7:7:int androidx.compose.runtime.ComposablesKt.getCurrentCompositeKeyHash(androidx.compose.runtime.Composer,int):229:229 -> invoke
    7:7:void invoke(androidx.compose.runtime.Composer,int):46 -> invoke
    8:8:int androidx.compose.runtime.ComposerImpl.getCompoundKeyHash():1735:1735 -> invoke
com.pixelagent.app.ComposableSingletons$LegacyMainActivityKt$lambda-2$1 -> com.pixelagent.app.ComposableSingletons$LegacyMainActivityKt$lambda-2$1:
# {"id":"sourceFile","fileName":"LegacyMainActivity.kt"}
    1:1:java.lang.Object invoke(java.lang.Object,java.lang.Object):23:23 -> invoke
    2:2:void invoke(androidx.compose.runtime.Composer,int):24:24 -> invoke
      # {"id":"com.android.tools.r8.residualsignature","signature":"(Lw/l;I)V"}
    3:3:void invoke(androidx.compose.runtime.Composer,int):35:35 -> invoke
    4:4:long androidx.compose.ui.graphics.Color.access$getBlack$cp():118:118 -> invoke
    4:4:long androidx.compose.ui.graphics.Color$Companion.getBlack-0d7_KjU():286 -> invoke
    4:4:void invoke(androidx.compose.runtime.Composer,int):24 -> invoke
    5:5:void invoke(androidx.compose.runtime.Composer,int):24:24 -> invoke
...
androidx.core.view.accessibility.AccessibilityClickableSpanCompat -> H0.a:
# {"id":"sourceFile","fileName":"AccessibilityClickableSpanCompat.java"}
    int mOriginalClickableSpanId -> a
    androidx.core.view.accessibility.AccessibilityNodeInfoCompat mNodeInfoCompat -> b
      # {"id":"com.android.tools.r8.residualsignature","signature":"LH0/m;"}
    int mClickableSpanActionId -> c
    1:3:void <init>(int,androidx.core.view.accessibility.AccessibilityNodeInfoCompat,int):53:53 -> <init>
      # {"id":"com.android.tools.r8.residualsignature","signature":"(ILH0/m;I)V"}
    4:5:void <init>(int,androidx.core.view.accessibility.AccessibilityNodeInfoCompat,int):54:54 -> <init>
    6:7:void <init>(int,androidx.core.view.accessibility.AccessibilityNodeInfoCompat,int):55:55 -> <init>
    8:10:void <init>(int,androidx.core.view.accessibility.AccessibilityNodeInfoCompat,int):56:56 -> <init>
    1:5:void onClick(android.view.View):67:67 -> onClick
    6:12:void onClick(android.view.View):68:68 -> onClick
    13:16:boolean androidx.core.view.accessibility.AccessibilityNodeInfoCompat.performAction(int,android.os.Bundle):2632:2632 -> onClick
    13:16:void onClick(android.view.View):69 -> onClick
      # {"id":"com.android.tools.r8.rewriteFrame","conditions":["throws(Ljava/lang/NullPointerException;)"],"actions":["removeInnerFrames(1)"]}
    17:22:boolean androidx.core.view.accessibility.AccessibilityNodeInfoCompat.performAction(int,android.os.Bundle):2632:2632 -> onClick
androidx.core.view.accessibility.AccessibilityNodeInfoCompat -> H0.m:
# {"id":"sourceFile","fileName":"AccessibilityNodeInfoCompat.java"}
    android.view.accessibility.AccessibilityNodeInfo mInfo -> a
    int mParentVirtualDescendantId -> b
    int mVirtualDescendantId -> c
    int sClickableSpanId -> d
    1:1:void <init>(java.lang.Object):2237:2237 -> <init>
      # {"id":"com.android.tools.r8.residualsignature","signature":"(Landroid/view/accessibility/AccessibilityNodeInfo;I)V"}
    2:2:void <init>(java.lang.Object):1593:1593 -> <init>
    3:3:void <init>(java.lang.Object):1596:1596 -> <init>
    4:4:void <init>(java.lang.Object):2238:2238 -> <init>
    5:5:void <init>(android.view.accessibility.AccessibilityNodeInfo):2241:2241 -> <init>
    6:6:void <init>(android.view.accessibility.AccessibilityNodeInfo):1593:1593 -> <init>
    7:7:void <init>(android.view.accessibility.AccessibilityNodeInfo):1596:1596 -> <init>
    8:8:void <init>(android.view.accessibility.AccessibilityNodeInfo):2242:2242 -> <init>
    1:10:void addAction(androidx.core.view.accessibility.AccessibilityNodeInfoCompat$AccessibilityActionCompat):2571:2571 -> a
      # {"id":"com.android.tools.r8.residualsignature","signature":"(LH0/h;)V"}
    1:6:java.util.List extrasIntList(java.lang.String):2544:2544 -> b
      # {"id":"com.android.tools.r8.residualsignature","signature":"(Ljava/lang/String;)Ljava/util/ArrayList;"}
    7:12:java.util.List extrasIntList(java.lang.String):2545:2545 -> b