Chatbot/app/build/outputs/mapping/release/usage.txt
com.pixelagent.app.LegacyMainActivity:
    static void <clinit>()
com.pixelagent.app.MainActivity:
    static void <clinit>()
...
androidx.compose.foundation.BackgroundKt$background-bw27NRU$$inlined$debugInspectorInfo$1$$InternalSyntheticThrowCCEIfNotNull$45$c9c3c5b1b86ea217e3356ad06dbce618aded832ee31ba436111a1453d967d754$0
androidx.compose.foundation.BackgroundKt$background-bw27NRU$$inlined$debugInspectorInfo$1
androidx.compose.foundation.BackgroundNode$getOutline$1:
    public final void invoke()
androidx.compose.foundation.BackgroundNode:
    public androidx.compose.ui.graphics.Brush brush
    public static void drawOutline()
    public static void drawRect()
    public static androidx.compose.ui.graphics.Outline getOutline()
    public final androidx.compose.ui.graphics.Shape getShape()
    public final void setAlpha(float)
    public final void setBrush()
    public static void setColor-8_81llA()
    public final void setShape(androidx.compose.ui.graphics.Shape)
androidx.compose.foundation.BorderCache
androidx.compose.foundation.BorderKt$drawContentWithoutBorder$1
androidx.compose.foundation.BorderKt$drawRectBorder$1
androidx.compose.foundation.BorderKt
androidx.compose.foundation.BorderModifierNode$$InternalSyntheticThrowCCEIfNotNull$68$e134a06c0866a6865cb6de9bb46b6b7b255ee0d74fe11719bc6621f85447a8a7$0
androidx.compose.foundation.BorderModifierNode$drawGenericBorder$1
androidx.compose.foundation.BorderModifierNode$drawGenericBorder$3
androidx.compose.foundation.BorderModifierNode$drawRoundRectBorder$1
androidx.compose.foundation.BorderModifierNode$drawRoundRectBorder$2
androidx.compose.foundation.BorderModifierNode$drawWithCacheModifierNode$1
androidx.compose.foundation.BorderModifierNode
androidx.compose.foundation.BorderModifierNodeElement
androidx.compose.foundation.BorderStroke
androidx.compose.foundation.Indication
androidx.compose.foundation.IndicationKt$LocalIndication$1:
    public static androidx.compose.foundation.Indication invoke()
androidx.compose.foundation.IndicationNodeFactory
androidx.compose.foundation.gestures.DragGestureDetectorKt$awaitDragOrCancellation$1
androidx.compose.foundation.gestures.DragGestureDetectorKt$awaitLongPressOrCancellation$1
androidx.compose.foundation.gestures.DragGestureDetectorKt$awaitLongPressOrCancellation$2
androidx.compose.foundation.gestures.DragGestureDetectorKt$drag$1
androidx.compose.foundation.gestures.DragGestureDetectorKt
androidx.compose.foundation.gestures.ForEachGestureKt$awaitAllPointersUp$3
androidx.compose.foundation.gestures.ForEachGestureKt$awaitEachGesture$2
androidx.compose.foundation.gestures.ForEachGestureKt
androidx.compose.foundation.layout.Arrangement$Bottom$1
androidx.compose.foundation.layout.Arrangement$End$1
androidx.compose.foundation.layout.Arrangement$Horizontal
androidx.compose.foundation.layout.Arrangement$Start$1